[debug] [2026-04-13T14:09:17.655Z] ----------------------------------------------------------------------
[debug] [2026-04-13T14:09:17.657Z] Command:       C:\Program Files\nodejs\node.exe C:\Users\Samin\AppData\Roaming\npm\node_modules\firebase-tools\lib\bin\firebase.js init
[debug] [2026-04-13T14:09:17.657Z] CLI Version:   15.14.0
[debug] [2026-04-13T14:09:17.657Z] Platform:      win32
[debug] [2026-04-13T14:09:17.657Z] Node Version:  v20.14.0
[debug] [2026-04-13T14:09:17.658Z] Time:          Mon Apr 13 2026 17:39:17 GMT+0330 (Iran Standard Time)
[debug] [2026-04-13T14:09:17.658Z] ----------------------------------------------------------------------
[debug] 
[info] 
     ######## #### ########  ######## ########     ###     ######  ########
     ##        ##  ##     ## ##       ##     ##  ##   ##  ##       ##
     ######    ##  ########  ######   ########  #########  ######  ######
     ##        ##  ##    ##  ##       ##     ## ##     ##       ## ##
     ##       #### ##     ## ######## ########  ##     ##  ######  ########

You're about to initialize a Firebase project in this directory:

  C:\habit-forge

Before we get started, keep in mind:

  * You are currently outside your home directory

[info] 
=== Project Setup
[info] 
[info] First, let's associate this project directory with a Firebase project.
[info] You can create multiple project aliases by running firebase use --add, 
[info] 
[debug] [2026-04-13T14:09:30.390Z] > command requires scopes: ["email","openid","https://www.googleapis.com/auth/cloudplatformprojects.readonly","https://www.googleapis.com/auth/firebase","https://www.googleapis.com/auth/cloud-platform"]
[debug] [2026-04-13T14:09:30.391Z] > authorizing via signed-in user (samin.heybati.dev@gmail.com)
[debug] [2026-04-13T14:09:30.392Z] Checked if tokens are valid: true, expires at: 1776092407805
[debug] [2026-04-13T14:09:30.392Z] Checked if tokens are valid: true, expires at: 1776092407805
[debug] [2026-04-13T14:09:30.393Z] >>> [apiv2][query] GET https://firebase.googleapis.com/v1beta1/projects/chatbot-452708 [none]
[debug] [2026-04-13T14:09:31.356Z] <<< [apiv2][status] GET https://firebase.googleapis.com/v1beta1/projects/chatbot-452708 200
[debug] [2026-04-13T14:09:31.356Z] <<< [apiv2][body] GET https://firebase.googleapis.com/v1beta1/projects/chatbot-452708 {"projectId":"chatbot-452708","projectNumber":"868212058380","displayName":"chatbot","name":"projects/chatbot-452708","resources":{"hostingSite":"chatbot-452708"},"state":"ACTIVE","etag":"1_ee34f837-6b80-47ce-a422-d2d24a9de0fe"}
[info] i  Using project chatbot-452708 (chatbot) . 
[info] 
=== Dataconnect Setup
[info] i  dataconnect: ensuring required API firebasedataconnect.googleapis.com is enabled... 
[info] i  dataconnect: ensuring required API sqladmin.googleapis.com is enabled... 
[debug] [2026-04-13T14:09:31.363Z] Checked if tokens are valid: true, expires at: 1776092407805
[debug] [2026-04-13T14:09:31.363Z] Checked if tokens are valid: true, expires at: 1776092407805
[debug] [2026-04-13T14:09:31.363Z] >>> [apiv2][query] GET https://firebasedataconnect.googleapis.com/v1/projects/chatbot-452708/locations/-/services [none]
[debug] [2026-04-13T14:09:32.740Z] <<< [apiv2][status] GET https://firebasedataconnect.googleapis.com/v1/projects/chatbot-452708/locations/-/services 200
[debug] [2026-04-13T14:09:32.740Z] <<< [apiv2][body] GET https://firebasedataconnect.googleapis.com/v1/projects/chatbot-452708/locations/-/services {"services":[{"name":"projects/chatbot-452708/locations/us-east4/services/habit-forge","createTime":"2026-04-13T14:03:12.221265676Z","updateTime":"2026-04-13T14:04:14.111074836Z","uid":"ad9b3a45-2994-487a-ae31-7744c4f9f191","reconciling":false,"etag":"6JHgzZRN7tjsFvYyrUgEcQBohSOv_xlSzzPs-pELiSo"}]}
[debug] [2026-04-13T14:09:36.854Z] Checked if tokens are valid: true, expires at: 1776092407805
[debug] [2026-04-13T14:09:36.854Z] Checked if tokens are valid: true, expires at: 1776092407805
[debug] [2026-04-13T14:09:36.856Z] >>> [apiv2][query] GET https://firebasedataconnect.googleapis.com/v1/projects/chatbot-452708/locations/us-east4/services/habit-forge/schemas pageSize=100&pageToken=&fields=schemas.name%2Cschemas.datasources%2Cschemas.source
[debug] [2026-04-13T14:09:37.613Z] <<< [apiv2][status] GET https://firebasedataconnect.googleapis.com/v1/projects/chatbot-452708/locations/us-east4/services/habit-forge/schemas 200
[debug] [2026-04-13T14:09:37.613Z] <<< [apiv2][body] GET https://firebasedataconnect.googleapis.com/v1/projects/chatbot-452708/locations/us-east4/services/habit-forge/schemas {"schemas":[{"name":"projects/chatbot-452708/locations/us-east4/services/habit-forge/schemas/main","source":{"files":[{"path":"schema.gql","content":"type User @table {\n  username: String!\n  email: String!\n  createdAt: Timestamp!\n  lastLogin: Timestamp\n  profilePictureUrl: String\n}\n\ntype Goal @table {\n  user: User!\n  name: String!\n  startDate: Date!\n  createdAt: Timestamp!\n  description: String\n  targetDate: Date\n  isAchieved: Boolean\n}\n\ntype Habit @table {\n  user: User!\n  goal: Goal!\n  name: String!\n  frequency: String!\n  createdAt: Timestamp!\n  description: String\n  isArchived: Boolean\n}\n\ntype HabitLog @table {\n  user: User!\n  habit: Habit!\n  logDate: Date!\n  createdAt: Timestamp!\n  notes: String\n}\n\ntype AIRecommendation @table {\n  user: User!\n  recommendationText: String!\n  createdAt: Timestamp!\n  status: String!\n  relatedGoalId: UUID\n  relatedHabitId: UUID\n}"}]},"datasources":[{"postgresql":{"ephemeral":true}}]}]}
[debug] [2026-04-13T14:09:37.614Z] Checked if tokens are valid: true, expires at: 1776092407805
[debug] [2026-04-13T14:09:37.614Z] Checked if tokens are valid: true, expires at: 1776092407805
[debug] [2026-04-13T14:09:37.614Z] >>> [apiv2][query] GET https://firebasedataconnect.googleapis.com/v1/projects/chatbot-452708/locations/us-east4/services/habit-forge/connectors pageSize=100&pageToken=&fields=connectors.name%2Cconnectors.source.files
[debug] [2026-04-13T14:09:37.811Z] <<< [apiv2][status] GET https://firebasedataconnect.googleapis.com/v1/projects/chatbot-452708/locations/us-east4/services/habit-forge/connectors 200
[debug] [2026-04-13T14:09:37.812Z] <<< [apiv2][body] GET https://firebasedataconnect.googleapis.com/v1/projects/chatbot-452708/locations/us-east4/services/habit-forge/connectors {}
[debug] [2026-04-13T14:09:37.812Z] Checked if tokens are valid: true, expires at: 1776092407805
[debug] [2026-04-13T14:09:37.813Z] Checked if tokens are valid: true, expires at: 1776092407805
[debug] [2026-04-13T14:09:37.813Z] >>> [apiv2][query] GET https://cloudbilling.googleapis.com/v1/projects/chatbot-452708/billingInfo [none]
[debug] [2026-04-13T14:09:38.634Z] <<< [apiv2][status] GET https://cloudbilling.googleapis.com/v1/projects/chatbot-452708/billingInfo 200
[debug] [2026-04-13T14:09:38.634Z] <<< [apiv2][body] GET https://cloudbilling.googleapis.com/v1/projects/chatbot-452708/billingInfo {"name":"projects/chatbot-452708/billingInfo","projectId":"chatbot-452708","billingAccountName":"","billingEnabled":false}
[debug] [2026-04-13T14:09:38.635Z] Checked if tokens are valid: true, expires at: 1776092407805
[debug] [2026-04-13T14:09:38.635Z] Checked if tokens are valid: true, expires at: 1776092407805
[debug] [2026-04-13T14:09:38.636Z] >>> [apiv2][query] GET https://monitoring.googleapis.com/v3/projects/chatbot-452708/timeSeries/ filter=metric.type%3D%22serviceruntime.googleapis.com%2Fquota%2Fallocation%2Fusage%22+AND+metric.label.quota_metric+%3D+%22sqladmin.googleapis.com%2Ffdc_lifetime_free_trial_per_project%22&interval.endTime=2026-04-13T14%3A09%3A38.635Z&interval.startTime=2026-04-06T14%3A09%3A38.635Z
[debug] [2026-04-13T14:09:39.791Z] <<< [apiv2][status] GET https://monitoring.googleapis.com/v3/projects/chatbot-452708/timeSeries/ 200
[debug] [2026-04-13T14:09:39.791Z] <<< [apiv2][body] GET https://monitoring.googleapis.com/v3/projects/chatbot-452708/timeSeries/ {"unit":"1"}
[info] +  dataconnect: CloudSQL no cost trial available! 
[debug] [2026-04-13T14:09:39.793Z] Checked if tokens are valid: true, expires at: 1776092407805
[debug] [2026-04-13T14:09:39.793Z] Checked if tokens are valid: true, expires at: 1776092407805
[debug] [2026-04-13T14:09:39.793Z] >>> [apiv2][query] GET https://sqladmin.googleapis.com/v1/projects/chatbot-452708/instances [none]
[debug] [2026-04-13T14:09:40.561Z] <<< [apiv2][status] GET https://sqladmin.googleapis.com/v1/projects/chatbot-452708/instances 200
[debug] [2026-04-13T14:09:40.561Z] <<< [apiv2][body] GET https://sqladmin.googleapis.com/v1/projects/chatbot-452708/instances {}
[info] +  dataconnect: Detected existing apps . (web), n (admin_node), functions (admin_node) 
[info] i  dataconnect\dataconnect.yaml is unchanged 
[info] i  dataconnect\schema\schema.gql is unchanged 
[info] i  Skipping write of dataconnect\example\connector.yaml 
[info] +  Wrote dataconnect\example\connector.yaml 
[info] i  dataconnect: Installing the generated SDKs ... 
[debug] [2026-04-13T14:09:47.951Z] defaultcredentials: writing to file C:\Users\Samin\AppData\Roaming\firebase\samin_heybati.dev_gmail.com_application_default_credentials.json
[error] !!  dataconnect: Failed to generate Data Connect SDKs
Command failed with exit code 1 
[info] +  dataconnect: Installed generated SDKs for . (web) 
[info] i  Visit https://firebase.google.com/docs/data-connect/web-sdk#react for more information on how to set up React Generated SDKs for Firebase Data Connect 
[info] 
=== Firestore Setup
[info] i  firestore: ensuring required API firestore.googleapis.com is enabled... 
[debug] [2026-04-13T14:09:48.032Z] Checked if tokens are valid: true, expires at: 1776092407805
[debug] [2026-04-13T14:09:48.032Z] Checked if tokens are valid: true, expires at: 1776092407805
[debug] [2026-04-13T14:09:48.032Z] >>> [apiv2][query] GET https://firestore.googleapis.com/v1/projects/chatbot-452708/databases [none]
[debug] [2026-04-13T14:09:48.765Z] <<< [apiv2][status] GET https://firestore.googleapis.com/v1/projects/chatbot-452708/databases 200
[debug] [2026-04-13T14:09:48.765Z] <<< [apiv2][body] GET https://firestore.googleapis.com/v1/projects/chatbot-452708/databases {}
[debug] [2026-04-13T14:09:48.766Z] Checked if tokens are valid: true, expires at: 1776092407805
[debug] [2026-04-13T14:09:48.766Z] Checked if tokens are valid: true, expires at: 1776092407805
[debug] [2026-04-13T14:09:48.766Z] >>> [apiv2][query] GET https://firestore.googleapis.com/v1/projects/chatbot-452708/locations [none]
[debug] [2026-04-13T14:09:49.037Z] <<< [apiv2][status] GET https://firestore.googleapis.com/v1/projects/chatbot-452708/locations 200
[debug] [2026-04-13T14:09:49.037Z] <<< [apiv2][body] GET https://firestore.googleapis.com/v1/projects/chatbot-452708/locations {"locations":[{"name":"projects/chatbot-452708/locations/eur3","labels":{"appengine.googleapis.com/geo":"europe-west","cloud.googleapis.com/location":"eur3","cloud.googleapis.com/geo":"eur3"},"metadata":{"@type":"type.googleapis.com/google.firestore.admin.v1.LocationMetadata"},"locationId":"eur3","displayName":"Europe"},{"name":"projects/chatbot-452708/locations/nam5","labels":{"appengine.googleapis.com/geo":"us-central","cloud.googleapis.com/location":"nam5","cloud.googleapis.com/geo":"nam5"},"metadata":{"@type":"type.googleapis.com/google.firestore.admin.v1.LocationMetadata"},"locationId":"nam5","displayName":"United States"},{"name":"projects/chatbot-452708/locations/nam7","labels":{"cloud.googleapis.com/location":"nam7","cloud.googleapis.com/geo":"nam7"},"metadata":{"@type":"type.googleapis.com/google.firestore.admin.v1.LocationMetadata"},"locationId":"nam7","displayName":"United States"},{"name":"projects/chatbot-452708/locations/africa-south1","labels":{"cloud.googleapis.com/location":"africa-south1","cloud.googleapis.com/region":"africa-south1"},"metadata":{"@type":"type.googleapis.com/google.firestore.admin.v1.LocationMetadata"},"locationId":"africa-south1","displayName":"Johannesburg"},{"name":"projects/chatbot-452708/locations/asia-east1","labels":{"appengine.googleapis.com/region":"asia-east1","cloud.googleapis.com/location":"asia-east1","cloud.googleapis.com/region":"asia-east1"},"metadata":{"@type":"type.googleapis.com/google.firestore.admin.v1.LocationMetadata"},"locationId":"asia-east1","displayName":"Taiwan"},{"name":"projects/chatbot-452708/locations/asia-east2","labels":{"appengine.googleapis.com/region":"asia-east2","cloud.googleapis.com/location":"asia-east2","cloud.googleapis.com/region":"asia-east2"},"metadata":{"@type":"type.googleapis.com/google.firestore.admin.v1.LocationMetadata"},"locationId":"asia-east2","displayName":"Hong Kong"},{"name":"projects/chatbot-452708/locations/asia-northeast1","labels":{"appengine.googleapis.com/region":"asia-northeast1","cloud.googleapis.com/location":"asia-northeast1","cloud.googleapis.com/region":"asia-northeast1"},"metadata":{"@type":"type.googleapis.com/google.firestore.admin.v1.LocationMetadata"},"locationId":"asia-northeast1","displayName":"Tokyo"},{"name":"projects/chatbot-452708/locations/asia-northeast2","labels":{"appengine.googleapis.com/region":"asia-northeast2","cloud.googleapis.com/location":"asia-northeast2","cloud.googleapis.com/region":"asia-northeast2"},"metadata":{"@type":"type.googleapis.com/google.firestore.admin.v1.LocationMetadata"},"locationId":"asia-northeast2","displayName":"Osaka"},{"name":"projects/chatbot-452708/locations/asia-northeast3","labels":{"appengine.googleapis.com/region":"asia-northeast3","cloud.googleapis.com/location":"asia-northeast3","cloud.googleapis.com/region":"asia-northeast3"},"metadata":{"@type":"type.googleapis.com/google.firestore.admin.v1.LocationMetadata"},"locationId":"asia-northeast3","displayName":"Seoul"},{"name":"projects/chatbot-452708/locations/asia-south1","labels":{"appengine.googleapis.com/region":"asia-south1","cloud.googleapis.com/location":"asia-south1","cloud.googleapis.com/region":"asia-south1"},"metadata":{"@type":"type.googleapis.com/google.firestore.admin.v1.LocationMetadata"},"locationId":"asia-south1","displayName":"Mumbai"},{"name":"projects/chatbot-452708/locations/asia-south2","labels":{"cloud.googleapis.com/location":"asia-south2","cloud.googleapis.com/region":"asia-south2"},"metadata":{"@type":"type.googleapis.com/google.firestore.admin.v1.LocationMetadata"},"locationId":"asia-south2","displayName":"Delhi"},{"name":"projects/chatbot-452708/locations/asia-southeast1","labels":{"appengine.googleapis.com/region":"asia-southeast1","cloud.googleapis.com/location":"asia-southeast1","cloud.googleapis.com/region":"asia-southeast1"},"metadata":{"@type":"type.googleapis.com/google.firestore.admin.v1.LocationMetadata"},"locationId":"asia-southeast1","displayName":"Singapore"},{"name":"projects/chatbot-452708/locations/asia-southeast2","labels":{"appengine.googleapis.com/region":"asia-southeast2","cloud.googleapis.com/location":"asia-southeast2","cloud.googleapis.com/region":"asia-southeast2"},"metadata":{"@type":"type.googleapis.com/google.firestore.admin.v1.LocationMetadata"},"locationId":"asia-southeast2","displayName":"Jakarta"},{"name":"projects/chatbot-452708/locations/asia-southeast3","labels":{"cloud.googleapis.com/location":"asia-southeast3","cloud.googleapis.com/region":"asia-southeast3"},"metadata":{"@type":"type.googleapis.com/google.firestore.admin.v1.LocationMetadata"},"locationId":"asia-southeast3","displayName":"Bangkok"},{"name":"projects/chatbot-452708/locations/australia-southeast1","labels":{"appengine.googleapis.com/region":"australia-southeast1","cloud.googleapis.com/location":"australia-southeast1","cloud.googleapis.com/region":"australia-southeast1"},"metadata":{"@type":"type.googleapis.com/google.firestore.admin.v1.LocationMetadata"},"locationId":"australia-southeast1","displayName":"Sydney"},{"name":"projects/chatbot-452708/locations/australia-southeast2","labels":{"cloud.googleapis.com/location":"australia-southeast2","cloud.googleapis.com/region":"australia-southeast2"},"metadata":{"@type":"type.googleapis.com/google.firestore.admin.v1.LocationMetadata"},"locationId":"australia-southeast2","displayName":"Melbourne"},{"name":"projects/chatbot-452708/locations/europe-central2","labels":{"appengine.googleapis.com/region":"europe-central2","cloud.googleapis.com/location":"europe-central2","cloud.googleapis.com/region":"europe-central2"},"metadata":{"@type":"type.googleapis.com/google.firestore.admin.v1.LocationMetadata"},"locationId":"europe-central2","displayName":"Warsaw"},{"name":"projects/chatbot-452708/locations/europe-north1","labels":{"cloud.googleapis.com/location":"europe-north1","cloud.googleapis.com/region":"europe-north1"},"metadata":{"@type":"type.googleapis.com/google.firestore.admin.v1.LocationMetadata"},"locationId":"europe-north1","displayName":"Finland"},{"name":"projects/chatbot-452708/locations/europe-north2","labels":{"cloud.googleapis.com/location":"europe-north2","cloud.googleapis.com/region":"europe-north2"},"metadata":{"@type":"type.googleapis.com/google.firestore.admin.v1.LocationMetadata"},"locationId":"europe-north2","displayName":"Stockholm"},{"name":"projects/chatbot-452708/locations/europe-southwest1","labels":{"cloud.googleapis.com/location":"europe-southwest1","cloud.googleapis.com/region":"europe-southwest1"},"metadata":{"@type":"type.googleapis.com/google.firestore.admin.v1.LocationMetadata"},"locationId":"europe-southwest1","displayName":"Madrid"},{"name":"projects/chatbot-452708/locations/europe-west1","labels":{"cloud.googleapis.com/location":"europe-west1","cloud.googleapis.com/region":"europe-west1"},"metadata":{"@type":"type.googleapis.com/google.firestore.admin.v1.LocationMetadata"},"locationId":"europe-west1","displayName":"Belgium"},{"name":"projects/chatbot-452708/locations/europe-west10","labels":{"cloud.googleapis.com/location":"europe-west10","cloud.googleapis.com/region":"europe-west10"},"metadata":{"@type":"type.googleapis.com/google.firestore.admin.v1.LocationMetadata"},"locationId":"europe-west10","displayName":"Berlin"},{"name":"projects/chatbot-452708/locations/europe-west12","labels":{"cloud.googleapis.com/location":"europe-west12","cloud.googleapis.com/region":"europe-west12"},"metadata":{"@type":"type.googleapis.com/google.firestore.admin.v1.LocationMetadata"},"locationId":"europe-west12","displayName":"Turin"},{"name":"projects/chatbot-452708/locations/europe-west2","labels":{"appengine.googleapis.com/region":"europe-west2","cloud.googleapis.com/location":"europe-west2","cloud.googleapis.com/region":"europe-west2"},"metadata":{"@type":"type.googleapis.com/google.firestore.admin.v1.LocationMetadata"},"locationId":"europe-west2","displayName":"London"},{"name":"projects/chatbot-452708/locations/europe-west3","labels":{"appengine.googleapis.com/region":"europe-west3","cloud.googleapis.com/location":"europe-west3","cloud.googleapis.com/region":"europe-west3"},"metadata":{"@type":"type.googleapis.com/google.firestore.admin.v1.LocationMetadata"},"locationId":"europe-west3","displayName":"Frankfurt"},{"name":"projects/chatbot-452708/locations/europe-west4","labels":{"cloud.googleapis.com/location":"europe-west4","cloud.googleapis.com/region":"europe-west4"},"metadata":{"@type":"type.googleapis.com/google.firestore.admin.v1.LocationMetadata"},"locationId":"europe-west4","displayName":"Netherlands"},{"name":"projects/chatbot-452708/locations/europe-west6","labels":{"appengine.googleapis.com/region":"europe-west6","cloud.googleapis.com/location":"europe-west6","cloud.googleapis.com/region":"europe-west6"},"metadata":{"@type":"type.googleapis.com/google.firestore.admin.v1.LocationMetadata"},"locationId":"europe-west6","displayName":"Zurich"},{"name":"projects/chatbot-452708/locations/europe-west8","labels":{"cloud.googleapis.com/location":"europe-west8","cloud.googleapis.com/region":"europe-west8"},"metadata":{"@type":"type.googleapis.com/google.firestore.admin.v1.LocationMetadata"},"locationId":"europe-west8","displayName":"Milan"},{"name":"projects/chatbot-452708/locations/europe-west9","labels":{"cloud.googleapis.com/location":"europe-west9","cloud.googleapis.com/region":"europe-west9"},"metadata":{"@type":"type.googleapis.com/google.firestore.admin.v1.LocationMetadata"},"locationId":"europe-west9","displayName":"Paris"},{"name":"projects/chatbot-452708/locations/me-central1","labels":{"cloud.googleapis.com/location":"me-central1","cloud.googleapis.com/region":"me-central1"},"metadata":{"@type":"type.googleapis.com/google.firestore.admin.v1.LocationMetadata"},"locationId":"me-central1","displayName":"Doha"},{"name":"projects/chatbot-452708/locations/me-central2","labels":{"cloud.googleapis.com/location":"me-central2","cloud.googleapis.com/region":"me-central2"},"metadata":{"@type":"type.googleapis.com/google.firestore.admin.v1.LocationMetadata"},"locationId":"me-central2","displayName":"Dammam"},{"name":"projects/chatbot-452708/locations/me-west1","labels":{"cloud.googleapis.com/location":"me-west1","cloud.googleapis.com/region":"me-west1"},"metadata":{"@type":"type.googleapis.com/google.firestore.admin.v1.LocationMetadata"},"locationId":"me-west1","displayName":"Tel Aviv"},{"name":"projects/chatbot-452708/locations/northamerica-northeast1","labels":{"appengine.googleapis.com/region":"northamerica-northeast1","cloud.googleapis.com/location":"northamerica-northeast1","cloud.googleapis.com/region":"northamerica-northeast1"},"metadata":{"@type":"type.googleapis.com/google.firestore.admin.v1.LocationMetadata"},"locationId":"northamerica-northeast1","displayName":"Montréal"},{"name":"projects/chatbot-452708/locations/northamerica-northeast2","labels":{"cloud.googleapis.com/location":"northamerica-northeast2","cloud.googleapis.com/region":"northamerica-northeast2"},"metadata":{"@type":"type.googleapis.com/google.firestore.admin.v1.LocationMetadata"},"locationId":"northamerica-northeast2","displayName":"Toronto"},{"name":"projects/chatbot-452708/locations/northamerica-south1","labels":{"cloud.googleapis.com/location":"northamerica-south1","cloud.googleapis.com/region":"northamerica-south1"},"metadata":{"@type":"type.googleapis.com/google.firestore.admin.v1.LocationMetadata"},"locationId":"northamerica-south1","displayName":"Mexico"},{"name":"projects/chatbot-452708/locations/southamerica-east1","labels":{"appengine.googleapis.com/region":"southamerica-east1","cloud.googleapis.com/location":"southamerica-east1","cloud.googleapis.com/region":"southamerica-east1"},"metadata":{"@type":"type.googleapis.com/google.firestore.admin.v1.LocationMetadata"},"locationId":"southamerica-east1","displayName":"São Paulo"},{"name":"projects/chatbot-452708/locations/southamerica-west1","labels":{"cloud.googleapis.com/location":"southamerica-west1","cloud.googleapis.com/region":"southamerica-west1"},"metadata":{"@type":"type.googleapis.com/google.firestore.admin.v1.LocationMetadata"},"locationId":"southamerica-west1","displayName":"Santiago"},{"name":"projects/chatbot-452708/locations/us-central1","labels":{"cloud.googleapis.com/location":"us-central1","cloud.googleapis.com/region":"us-central1"},"metadata":{"@type":"type.googleapis.com/google.firestore.admin.v1.LocationMetadata"},"locationId":"us-central1","displayName":"Iowa"},{"name":"projects/chatbot-452708/locations/us-east1","labels":{"appengine.googleapis.com/region":"us-east1","cloud.googleapis.com/location":"us-east1","cloud.googleapis.com/region":"us-east1"},"metadata":{"@type":"type.googleapis.com/google.firestore.admin.v1.LocationMetadata"},"locationId":"us-east1","displayName":"South Carolina"},{"name":"projects/chatbot-452708/locations/us-east4","labels":{"appengine.googleapis.com/region":"us-east4","cloud.googleapis.com/location":"us-east4","cloud.googleapis.com/region":"us-east4"},"metadata":{"@type":"type.googleapis.com/google.firestore.admin.v1.LocationMetadata"},"locationId":"us-east4","displayName":"Northern Virginia"},{"name":"projects/chatbot-452708/locations/us-east5","labels":{"cloud.googleapis.com/location":"us-east5","cloud.googleapis.com/region":"us-east5"},"metadata":{"@type":"type.googleapis.com/google.firestore.admin.v1.LocationMetadata"},"locationId":"us-east5","displayName":"Columbus"},{"name":"projects/chatbot-452708/locations/us-south1","labels":{"cloud.googleapis.com/location":"us-south1","cloud.googleapis.com/region":"us-south1"},"metadata":{"@type":"type.googleapis.com/google.firestore.admin.v1.LocationMetadata"},"locationId":"us-south1","displayName":"Dallas"},{"name":"projects/chatbot-452708/locations/us-west1","labels":{"appengine.googleapis.com/region":"us-west1","cloud.googleapis.com/location":"us-west1","cloud.googleapis.com/region":"us-west1"},"metadata":{"@type":"type.googleapis.com/google.firestore.admin.v1.LocationMetadata"},"locationId":"us-west1","displayName":"Oregon"},{"name":"projects/chatbot-452708/locations/us-west2","labels":{"appengine.googleapis.com/region":"us-west2","cloud.googleapis.com/location":"us-west2","cloud.googleapis.com/region":"us-west2"},"metadata":{"@type":"type.googleapis.com/google.firestore.admin.v1.LocationMetadata"},"locationId":"us-west2","displayName":"Los Angeles"},{"name":"projects/chatbot-452708/locations/us-west3","labels":{"appengine.googleapis.com/region":"us-west3","cloud.googleapis.com/location":"us-west3","cloud.googleapis.com/region":"us-west3"},"metadata":{"@type":"type.googleapis.com/google.firestore.admin.v1.LocationMetadata"},"locationId":"us-west3","displayName":"Salt Lake City"},{"name":"projects/chatbot-452708/locations/us-west4","labels":{"appengine.googleapis.com/region":"us-west4","cloud.googleapis.com/location":"us-west4","cloud.googleapis.com/region":"us-west4"},"metadata":{"@type":"type.googleapis.com/google.firestore.admin.v1.LocationMetadata"},"locationId":"us-west4","displayName":"Las Vegas"}]}
[info] 
[info] Firestore Security Rules allow you to define how and when to allow
[info] requests. You can keep these rules in your project directory
[info] and publish them with firebase deploy.
[info] 
[debug] [2026-04-13T14:09:54.802Z] Checked if tokens are valid: true, expires at: 1776092407805
[debug] [2026-04-13T14:09:54.802Z] Checked if tokens are valid: true, expires at: 1776092407805
[debug] [2026-04-13T14:09:54.802Z] >>> [apiv2][query] GET https://firebaserules.googleapis.com/v1/projects/chatbot-452708/releases pageSize=10&pageToken=
[debug] [2026-04-13T14:09:55.285Z] <<< [apiv2][status] GET https://firebaserules.googleapis.com/v1/projects/chatbot-452708/releases 200
[debug] [2026-04-13T14:09:55.285Z] <<< [apiv2][body] GET https://firebaserules.googleapis.com/v1/projects/chatbot-452708/releases {}
[info] 
[info] Firestore indexes allow you to perform complex queries while
[info] maintaining performance that scales with the size of the result
[info] set. You can keep index definitions in your project directory
[info] and publish them with firebase deploy.
[info] 
[debug] [2026-04-13T14:09:56.091Z] Checked if tokens are valid: true, expires at: 1776092407805
[debug] [2026-04-13T14:09:56.091Z] Checked if tokens are valid: true, expires at: 1776092407805
[debug] [2026-04-13T14:09:56.092Z] Checked if tokens are valid: true, expires at: 1776092407805
[debug] [2026-04-13T14:09:56.092Z] Checked if tokens are valid: true, expires at: 1776092407805
[debug] [2026-04-13T14:09:56.092Z] >>> [apiv2][query] GET https://firestore.googleapis.com/v1/projects/chatbot-452708/databases/(default)/collectionGroups/-/indexes [none]
[debug] [2026-04-13T14:09:56.094Z] >>> [apiv2][query] GET https://firestore.googleapis.com/v1/projects/chatbot-452708/databases/(default)/collectionGroups/-/fields?filter=indexConfig.usesAncestorConfig=false OR ttlConfig:* [none]
[debug] [2026-04-13T14:09:56.775Z] <<< [apiv2][status] GET https://firestore.googleapis.com/v1/projects/chatbot-452708/databases/(default)/collectionGroups/-/indexes 404
[debug] [2026-04-13T14:09:56.776Z] <<< [apiv2][body] GET https://firestore.googleapis.com/v1/projects/chatbot-452708/databases/(default)/collectionGroups/-/indexes {"error":{"code":404,"message":"Project 'chatbot-452708' or database '(default)' does not exist.","status":"NOT_FOUND"}}
[debug] [2026-04-13T14:09:56.800Z] <<< [apiv2][status] GET https://firestore.googleapis.com/v1/projects/chatbot-452708/databases/(default)/collectionGroups/-/fields?filter=indexConfig.usesAncestorConfig=false OR ttlConfig:* 404
[debug] [2026-04-13T14:09:56.801Z] <<< [apiv2][body] GET https://firestore.googleapis.com/v1/projects/chatbot-452708/databases/(default)/collectionGroups/-/fields?filter=indexConfig.usesAncestorConfig=false OR ttlConfig:* {"error":{"code":404,"message":"Project 'chatbot-452708' or database '(default)' does not exist.","status":"NOT_FOUND"}}
[debug] [2026-04-13T14:09:56.914Z] Error: EISDIR: illegal operation on a directory, open 'C:\habit-forge\n'
    at Object.writeFileSync (node:fs:2346:20)
    at Object.createFileSync (C:\Users\Samin\AppData\Roaming\npm\node_modules\firebase-tools\node_modules\fs-extra\lib\ensure\file.js:63:6)
    at Config.writeProjectFile (C:\Users\Samin\AppData\Roaming\npm\node_modules\firebase-tools\lib\config.js:166:12)
    at Object.actuate (C:\Users\Samin\AppData\Roaming\npm\node_modules\firebase-tools\lib\init\features\firestore\index.js:85:16)
    at init (C:\Users\Samin\AppData\Roaming\npm\node_modules\firebase-tools\lib\init\index.js:105:25)
    at process.processTicksAndRejections (node:internal/process/task_queues:95:5)
    at async Command.initAction [as actionFn] (C:\Users\Samin\AppData\Roaming\npm\node_modules\firebase-tools\lib\commands\init.js:232:5)
[error] 
[error] Error: An unexpected error has occurred.
